  Alien.cpp
  AlienRow.cpp
  Explosion.cpp
  Gui.cpp
C:\Users\Qromka\Desktop\P2549004 Space Invaders\Solution\Space_Invaders\src\Gui.cpp(40,17): warning C4244: '+=': conversion from 'float' to 'int', possible loss of data
  main.cpp
C:\Users\Qromka\Desktop\P2549004 Space Invaders\Solution\Space_Invaders\src\main.cpp(99,55): warning C4244: 'argument': conversion from 'int' to 'float', possible loss of data
C:\Users\Qromka\Desktop\P2549004 Space Invaders\Solution\Space_Invaders\src\main.cpp(102,55): warning C4244: 'argument': conversion from 'int' to 'float', possible loss of data
C:\Users\Qromka\Desktop\P2549004 Space Invaders\Solution\Space_Invaders\src\main.cpp(105,55): warning C4244: 'argument': conversion from 'int' to 'float', possible loss of data
C:\Users\Qromka\Desktop\P2549004 Space Invaders\Solution\Space_Invaders\src\main.cpp(108,55): warning C4244: 'argument': conversion from 'int' to 'float', possible loss of data
C:\Users\Qromka\Desktop\P2549004 Space Invaders\Solution\Space_Invaders\src\main.cpp(111,55): warning C4244: 'argument': conversion from 'int' to 'float', possible loss of data
C:\Users\Qromka\Desktop\P2549004 Space Invaders\Solution\Space_Invaders\src\main.cpp(144,49): warning C4244: 'argument': conversion from 'double' to '_Ty', possible loss of data
          with
          [
              _Ty=int
          ]
C:\Users\Qromka\Desktop\P2549004 Space Invaders\Solution\Space_Invaders\src\main.cpp(144,44): warning C4244: 'argument': conversion from 'double' to '_Ty', possible loss of data
          with
          [
              _Ty=int
          ]
  Player.cpp
  Shield.cpp
  SoundManager.cpp
  Textureloader.cpp
  TitleMenu.cpp
  Ufo.cpp
  Generating code
  Previous IPDB was built with incompatible compiler, fall back to full compilation.
  All 319 functions were compiled because no usable IPDB/IOBJ from previous compilation was found.
  Finished generating code
  Space_Invaders.vcxproj -> C:\Users\Qromka\Desktop\P2549004 Space Invaders\Solution\Release\Space_Invaders.exe
